<?xml version="1.0" encoding="UTF-8"?>
<robot generator="Robot 7.2.2 (Python 3.13.2 on win32)" generated="2025-02-17T15:54:51.937164" rpa="true" schemaversion="5">
<suite id="s1" name="Variables-Example" source="C:\Users\Ana Luiza\teste_auto_python\variables-example.robot">
<test id="s1-t1" name="Show Username" line="10">
<if>
<branch type="IF" condition="'${NOME}' == 'Raul' and '${SENHA}' == '123'">
<kw name="Log To Console" owner="BuiltIn">
<arg>\nBem vindo ${NOME}!</arg>
<doc>Logs the given message to the console.</doc>
<status status="NOT RUN" start="2025-02-17T15:54:53.967169" elapsed="0.003332"/>
</kw>
<status status="NOT RUN" start="2025-02-17T15:54:53.949960" elapsed="0.020796"/>
</branch>
<status status="PASS" start="2025-02-17T15:54:53.930574" elapsed="0.040307"/>
</if>
<status status="PASS" start="2025-02-17T15:54:53.929622" elapsed="0.043265"/>
</test>
<status status="PASS" start="2025-02-17T15:54:51.941365" elapsed="2.034223"/>
</suite>
<statistics>
<total>
<stat pass="1" fail="0" skip="0">All Tasks</stat>
</total>
<tag>
</tag>
<suite>
<stat name="Variables-Example" id="s1" pass="1" fail="0" skip="0">Variables-Example</stat>
</suite>
</statistics>
<errors>
</errors>
</robot>
