<?xml version="1.0" encoding="UTF-8"?>
<robot generator="Robot 7.2.2 (Python 3.13.2 on win32)" generated="2025-02-17T16:16:41.228390" rpa="true" schemaversion="5">
<suite id="s1" name="Ex02" source="C:\Users\Ana Luiza\teste_auto_python\exercises\ex02.robot">
<test id="s1-t1" name="Antecessor e sucessor de um número" line="7">
<kw name="Log To Console" owner="BuiltIn">
<arg>\nO antecessor de ${NUM} é ${${NUM} - 1} e o sucessor é ${${NUM} + 1}</arg>
<doc>Logs the given message to the console.</doc>
<status status="PASS" start="2025-02-17T16:16:41.404225" elapsed="0.006791"/>
</kw>
<status status="PASS" start="2025-02-17T16:16:41.375362" elapsed="0.036236"/>
</test>
<status status="PASS" start="2025-02-17T16:16:41.236605" elapsed="0.180073"/>
</suite>
<statistics>
<total>
<stat pass="1" fail="0" skip="0">All Tasks</stat>
</total>
<tag>
</tag>
<suite>
<stat name="Ex02" id="s1" pass="1" fail="0" skip="0">Ex02</stat>
</suite>
</statistics>
<errors>
</errors>
</robot>
