<?xml version="1.0" encoding="UTF-8"?>
<robot generator="Robot 7.2.2 (Python 3.13.2 on win32)" generated="2025-02-19T12:25:22.924426" rpa="false" schemaversion="5">
<suite id="s1" name="List-Example" source="C:\Users\Ana Luiza\teste_auto_python\examples\list-example.robot">
<test id="s1-t1" name="Example List" line="7">
<kw name="Log To Console" owner="BuiltIn">
<arg>\nO primeiro item da lista é: ${LISTA_DE_VEICULOS}[0]</arg>
<doc>Logs the given message to the console.</doc>
<status status="PASS" start="2025-02-19T12:25:23.422481" elapsed="0.024104"/>
</kw>
<for flavor="IN">
<iter>
<kw name="Log To Console" owner="BuiltIn">
<arg>${veiculo}</arg>
<doc>Logs the given message to the console.</doc>
<status status="PASS" start="2025-02-19T12:25:23.447652" elapsed="0.000832"/>
</kw>
<var name="${veiculo}">carro</var>
<status status="PASS" start="2025-02-19T12:25:23.447477" elapsed="0.001176"/>
</iter>
<iter>
<kw name="Log To Console" owner="BuiltIn">
<arg>${veiculo}</arg>
<doc>Logs the given message to the console.</doc>
<status status="PASS" start="2025-02-19T12:25:23.449035" elapsed="0.000736"/>
</kw>
<var name="${veiculo}">moto</var>
<status status="PASS" start="2025-02-19T12:25:23.448859" elapsed="0.001052"/>
</iter>
<iter>
<kw name="Log To Console" owner="BuiltIn">
<arg>${veiculo}</arg>
<doc>Logs the given message to the console.</doc>
<status status="PASS" start="2025-02-19T12:25:23.450510" elapsed="0.001492"/>
</kw>
<var name="${veiculo}">avião</var>
<status status="PASS" start="2025-02-19T12:25:23.450296" elapsed="0.002087"/>
</iter>
<iter>
<kw name="Log To Console" owner="BuiltIn">
<arg>${veiculo}</arg>
<doc>Logs the given message to the console.</doc>
<status status="PASS" start="2025-02-19T12:25:23.454660" elapsed="0.000925"/>
</kw>
<var name="${veiculo}">submarino</var>
<status status="PASS" start="2025-02-19T12:25:23.453347" elapsed="0.002399"/>
</iter>
<var>${veiculo}</var>
<value>@{LISTA_DE_VEICULOS}</value>
<status status="PASS" start="2025-02-19T12:25:23.447070" elapsed="0.008742"/>
</for>
<status status="PASS" start="2025-02-19T12:25:23.416070" elapsed="0.040223"/>
</test>
<status status="PASS" start="2025-02-19T12:25:22.937509" elapsed="0.520662"/>
</suite>
<statistics>
<total>
<stat pass="1" fail="0" skip="0">All Tests</stat>
</total>
<tag>
</tag>
<suite>
<stat name="List-Example" id="s1" pass="1" fail="0" skip="0">List-Example</stat>
</suite>
</statistics>
<errors>
</errors>
</robot>
